Extension "Export to PDF via Scribus" failed to load because a dependency was not met.
Dependency:
	type: executable
	location: path
	string: scribus

Extension "PostScript Input" failed to load because a dependency was not met.
Dependency:
	type: executable
	location: path
	string: ps2pdf

Extension "XFIG Input" failed to load because a dependency was not met.
Dependency:
	type: executable
	location: path
	string: fig2dev

Extension "Formula (pdflatex)" failed to load because a dependency was not met.
Dependency:
	type: executable
	location: path
	string: pdflatex

Extension "Optimized PNG" failed to load because a dependency was not met.
Dependency:
	type: executable
	location: path
	string: optipng

Extension "EPS Input" failed to load because a dependency was not met.
Dependency:
	type: executable
	location: path
	string: ps2pdf

